
> temp-app@0.1.0 build
> next build

▲ Next.js 16.1.6 (Turbopack)
- Environments: .env.local

⚠ The "middleware" file convention is deprecated. Please use "proxy" instead. Learn more: https://nextjs.org/docs/messages/middleware-to-proxy
  Creating an optimized production build ...
✓ Compiled successfully in 3.9s
  Running TypeScript ...
  Collecting page data using 11 workers ...
  Generating static pages using 11 workers (0/12) ...
  Generating static pages using 11 workers (3/12) 
  Generating static pages using 11 workers (6/12) 
  Generating static pages using 11 workers (9/12) 
✓ Generating static pages using 11 workers (12/12) in 341.5ms
  Finalizing page optimization ...

Route (app)
┌ ƒ /
├ ○ /_not-found
├ ƒ /auth/callback
├ ƒ /clients
├ ○ /login
├ ○ /manifest.webmanifest
├ ƒ /new
├ ○ /onboarding
├ ƒ /profile
├ ƒ /quotes
├ ƒ /quotes/[id]
└ ƒ /quotes/[id]/edit


ƒ Proxy (Middleware)

○  (Static)   prerendered as static content
ƒ  (Dynamic)  server-rendered on demand

